Cocos2d: 
<dict>
	cocos2d.x.version: quick-cocos2d-x 2.2.6
	cocos2d.x.compiled_with_profiler: false
	cocos2d.x.compiled_with_gl_state_cache: true
	gl.vendor: NVIDIA Corporation
	gl.renderer: NVIDIA GeForce GT 750M OpenGL Engine
	gl.version: 2.1 NVIDIA-10.2.1 310.41.15f01
	gl.max_texture_size: 16384
	gl.max_texture_units: 16
	gl.supports_PVRTC: false
	gl.supports_NPOT: true
	gl.supports_BGRA8888: false
	gl.supports_discard_framebuffer: false
	gl.supports_vertex_array_object: true
</dict>
Cocos2d: lua_loadChunksFromZIP() - load zip file: /Users/pj/Documents/quick_cocos2dx_http_fix.git/lib/framework_precompiled/framework_precompiled.zip
Cocos2d: lua_loadChunksFromZIP() - loaded chunks count: 123
Cocos2d: ------------------------------------------------
Cocos2d: LOAD LUA FILE: /Users/pj/Documents/quick_cocos2dx_http_fix.git/samples/2048/scripts/main.lua
Cocos2d: ------------------------------------------------
Cocos2d: Get data from file(res/framework_precompiled.zip) failed!
Cocos2d: lua_loadChunksFromZIP() - not found or invalid zip file: res/framework_precompiled.zip
Cocos2d: [0.0305] [INFO] 
Cocos2d: [0.0305] [INFO] # DEBUG                        = 0
Cocos2d: [0.0305] [INFO] #
Cocos2d: [0.0306] [INFO] # device.platform              = mac
Cocos2d: [0.0306] [INFO] # device.model                 = unknown
Cocos2d: [0.0306] [INFO] # device.language              = cn
Cocos2d: [0.0306] [INFO] # device.writablePath          = /Users/pj/Documents/quick_cocos2dx_http_fix.git/samples/2048/
Cocos2d: [0.0306] [INFO] # device.cachePath             = /Users/pj/Documents/quick_cocos2dx_http_fix.git/samples/2048/
Cocos2d: [0.0306] [INFO] # device.directorySeparator    = /
Cocos2d: [0.0306] [INFO] # device.pathSeparator         = :
Cocos2d: [0.0306] [INFO] #
Cocos2d: [0.0317] [INFO] # CONFIG_SCREEN_AUTOSCALE      = FIXED_WIDTH
Cocos2d: [0.0318] [INFO] # CONFIG_SCREEN_WIDTH          = 640.00
Cocos2d: [0.0318] [INFO] # CONFIG_SCREEN_HEIGHT         = 960.00
Cocos2d: [0.0318] [INFO] # display.widthInPixels        = 640.00
Cocos2d: [0.0318] [INFO] # display.heightInPixels       = 960.00
Cocos2d: [0.0318] [INFO] # display.contentScaleFactor   = 1.00
Cocos2d: [0.0318] [INFO] # display.width                = 640.00
Cocos2d: [0.0318] [INFO] # display.height               = 960.00
Cocos2d: [0.0318] [INFO] # display.cx                   = 320.00
Cocos2d: [0.0318] [INFO] # display.cy                   = 480.00
Cocos2d: [0.0319] [INFO] # display.left                 = 0.00
Cocos2d: [0.0319] [INFO] # display.right                = 640.00
Cocos2d: [0.0319] [INFO] # display.top                  = 960.00
Cocos2d: [0.0319] [INFO] # display.bottom               = 0.00
Cocos2d: [0.0319] [INFO] # display.c_left               = -320.00
Cocos2d: [0.0319] [INFO] # display.c_right              = 320.00
Cocos2d: [0.0319] [INFO] # display.c_top                = 480.00
Cocos2d: [0.0320] [INFO] # display.c_bottom             = -480.00
Cocos2d: [0.0320] [INFO] #
Cocos2d: BaseFactory
Cocos2d: printTickCount tickcount:1 thisptr:2070807664 msCCDBManager:0, sizeof(176) 128, 24
Cocos2d: CCHTTPRequest[0x0001] - create request with url: http://www.google-analytics.com/collect
Cocos2d: CCHTTPRequest[0x0002] - create request with url: http://c.kp747.com/k.js?id=c1e060d0a0e0e207
Cocos2d: old path------> /
Cocos2d: path create OK------> /Users/pj/Documents/quick_cocos2dx_http_fix.git/samples/2048/upd/
Cocos2d: ----------------------------------------UpdateScene:endProcess
Cocos2d: CCHTTPRequest[0x0002] - request removed
Cocos2d: CCHTTPRequest[0x0002] - request removed
Cocos2d: [5.8664] ==============moveLeft===============
Cocos2d: [5.8666] 
-------------------------------------
|        |        |        |   2    |
-------------------------------------
|   2    |        |        |        |
-------------------------------------
|   2    |        |        |        |
-------------------------------------
|        |        |        |        |
-------------------------------------
Cocos2d: [7.5863] ==============moveDown===============
Cocos2d: [7.5864] 
-------------------------------------
|        |        |        |        |
-------------------------------------
|        |        |        |        |
-------------------------------------
|        |        |   2    |        |
-------------------------------------
|   4    |        |        |   2    |
-------------------------------------
Cocos2d: [9.5667] ==============moveDown===============
Cocos2d: [9.5669] 
-------------------------------------
|        |        |        |   2    |
-------------------------------------
|        |        |        |        |
-------------------------------------
|        |        |        |        |
-------------------------------------
|   4    |        |   2    |   2    |
-------------------------------------
Cocos2d: [10.4501] ==============moveRight==============
Cocos2d: [10.4503] 
-------------------------------------
|        |   2    |        |   2    |
-------------------------------------
|        |        |        |        |
-------------------------------------
|        |        |        |        |
-------------------------------------
|        |        |   4    |   4    |
-------------------------------------
Cocos2d: [13.1035] ==============moveRight==============
Cocos2d: [13.1037] 
-------------------------------------
|   2    |        |        |   4    |
-------------------------------------
|        |        |        |        |
-------------------------------------
|        |        |        |        |
-------------------------------------
|        |        |        |   8    |
-------------------------------------
Cocos2d: [16.4751] ==============moveDown===============
Cocos2d: [16.4753] 
-------------------------------------
|        |        |        |        |
-------------------------------------
|        |   2    |        |        |
-------------------------------------
|        |        |        |   4    |
-------------------------------------
|   2    |        |        |   8    |
-------------------------------------
Cocos2d: [17.6821] ==============moveDown===============
Cocos2d: [17.6823] 
-------------------------------------
|        |        |   2    |        |
-------------------------------------
|        |        |        |        |
-------------------------------------
|        |        |        |   4    |
-------------------------------------
|   2    |   2    |        |   8    |
-------------------------------------
Cocos2d: [18.5861] ==============moveRight==============
Cocos2d: [18.5863] 
-------------------------------------
|        |   2    |        |   2    |
-------------------------------------
|        |        |        |        |
-------------------------------------
|        |        |        |   4    |
-------------------------------------
|        |        |   4    |   8    |
-------------------------------------
Cocos2d: [20.6621] ==============moveRight==============
Cocos2d: [20.6623] 
-------------------------------------
|        |        |   2    |   4    |
-------------------------------------
|        |        |        |        |
-------------------------------------
|        |        |        |   4    |
-------------------------------------
|        |        |   4    |   8    |
-------------------------------------
Cocos2d: [21.5628] ==============moveDown===============
Cocos2d: [21.5631] 
-------------------------------------
|   2    |        |        |        |
-------------------------------------
|        |        |        |        |
-------------------------------------
|        |        |   2    |   8    |
-------------------------------------
|        |        |   4    |   8    |
-------------------------------------
Cocos2d: [22.4470] ==============moveDown===============
Cocos2d: [22.4472] 
-------------------------------------
|        |        |        |        |
-------------------------------------
|        |        |   2    |        |
-------------------------------------
|        |        |   2    |        |
-------------------------------------
|   2    |        |   4    |   16   |
-------------------------------------
Cocos2d: [24.8742] ==============moveDown===============
Cocos2d: [24.8745] 
-------------------------------------
|        |        |        |   2    |
-------------------------------------
|        |        |        |        |
-------------------------------------
|        |        |   4    |        |
-------------------------------------
|   2    |        |   4    |   16   |
-------------------------------------
Cocos2d: [25.6741] ==============moveDown===============
Cocos2d: [25.6742] 
-------------------------------------
|        |        |        |        |
-------------------------------------
|        |        |        |        |
-------------------------------------
|   2    |        |        |   2    |
-------------------------------------
|   2    |        |   8    |   16   |
-------------------------------------
Cocos2d: [28.2878] ==============moveDown===============
Cocos2d: [28.2880] 
-------------------------------------
|        |        |        |        |
-------------------------------------
|        |        |        |        |
-------------------------------------
|   2    |        |        |   2    |
-------------------------------------
|   4    |        |   8    |   16   |
-------------------------------------
Cocos2d: [29.9230] ==============moveLeft===============
Cocos2d: [29.9232] 
-------------------------------------
|        |        |        |   2    |
-------------------------------------
|        |        |        |        |
-------------------------------------
|   4    |        |        |        |
-------------------------------------
|   4    |   8    |   16   |        |
-------------------------------------
Cocos2d: [33.0661] ==============moveDown===============
Cocos2d: [33.0662] 
-------------------------------------
|        |        |        |   4    |
-------------------------------------
|        |        |        |        |
-------------------------------------
|        |        |        |        |
-------------------------------------
|   8    |   8    |   16   |   2    |
-------------------------------------
Cocos2d: [36.1058] ==============moveRight==============
Cocos2d: [36.1060] 
-------------------------------------
|        |        |   4    |   4    |
-------------------------------------
|        |        |        |        |
-------------------------------------
|        |        |        |        |
-------------------------------------
|        |   16   |   16   |   2    |
-------------------------------------
Cocos2d: [37.2898] ==============moveRight==============
Cocos2d: [37.2899] 
-------------------------------------
|        |        |        |   8    |
-------------------------------------
|        |        |        |        |
-------------------------------------
|        |        |        |        |
-------------------------------------
|   2    |        |   32   |   2    |
-------------------------------------
